2024-12-20 03:33:21,543 INFO  SoapServerApplication [StartupInfoLogger.java:53] Starting SoapServerApplication using Java 23 with PID 13140 (C:\Users\User\IdeaProjects\MedBookingApp\SOAP-Server\target\classes started by User in C:\Users\User\IdeaProjects\MedBookingApp\SOAP-Server)
2024-12-20 03:33:21,545 DEBUG SoapServerApplication [StartupInfoLogger.java:54] Running with Spring Boot v3.4.0, Spring v6.2.0
2024-12-20 03:33:21,545 INFO  SoapServerApplication [SpringApplication.java:652] No active profile set, falling back to 1 default profile: "default"
2024-12-20 03:33:22,409 INFO  RepositoryConfigurationDelegate [RepositoryConfigurationDelegate.java:143] Bootstrapping Spring Data JPA repositories in DEFAULT mode.
2024-12-20 03:33:22,489 INFO  RepositoryConfigurationDelegate [RepositoryConfigurationDelegate.java:211] Finished Spring Data repository scanning in 70 ms. Found 2 JPA repository interfaces.
2024-12-20 03:33:22,798 WARN  PostProcessorRegistrationDelegate$BeanPostProcessorChecker [PostProcessorRegistrationDelegate.java:437] Bean 'webServiceConfiguration' of type [com.project.soap.config.WebServiceConfiguration$$SpringCGLIB$$0] is not eligible for getting processed by all BeanPostProcessors (for example: not eligible for auto-proxying). Is this bean getting eagerly injected/applied to a currently created BeanPostProcessor [annotationActionEndpointMapping]? Check the corresponding BeanPostProcessor declaration and its dependencies/advisors. If this bean does not have to be post-processed, declare it with ROLE_INFRASTRUCTURE.
2024-12-20 03:33:22,799 WARN  PostProcessorRegistrationDelegate$BeanPostProcessorChecker [PostProcessorRegistrationDelegate.java:429] Bean 'org.springframework.ws.config.annotation.DelegatingWsConfiguration' of type [org.springframework.ws.config.annotation.DelegatingWsConfiguration$$SpringCGLIB$$0] is not eligible for getting processed by all BeanPostProcessors (for example: not eligible for auto-proxying). The currently created BeanPostProcessor [annotationActionEndpointMapping] is declared through a non-static factory method on that class; consider declaring it as static instead.
2024-12-20 03:33:22,833 INFO  AnnotationActionEndpointMapping [AbstractAddressingEndpointMapping.java:239] Supporting [WS-Addressing August 2004, WS-Addressing 1.0]
2024-12-20 03:33:23,236 INFO  TomcatWebServer [TomcatWebServer.java:111] Tomcat initialized with port 9091 (http)
2024-12-20 03:33:23,260 INFO  Http11NioProtocol [DirectJDKLog.java:173] Initializing ProtocolHandler ["http-nio-9091"]
2024-12-20 03:33:23,263 INFO  StandardService [DirectJDKLog.java:173] Starting service [Tomcat]
2024-12-20 03:33:23,264 INFO  StandardEngine [DirectJDKLog.java:173] Starting Servlet engine: [Apache Tomcat/10.1.33]
2024-12-20 03:33:23,347 INFO  [/] [DirectJDKLog.java:173] Initializing Spring embedded WebApplicationContext
2024-12-20 03:33:23,348 INFO  ServletWebServerApplicationContext [ServletWebServerApplicationContext.java:296] Root WebApplicationContext: initialization completed in 1730 ms
2024-12-20 03:33:23,522 INFO  HikariDataSource [HikariDataSource.java:109] HikariPool-1 - Starting...
2024-12-20 03:33:23,773 INFO  HikariPool [HikariPool.java:554] HikariPool-1 - Added connection org.postgresql.jdbc.PgConnection@1310fcb0
2024-12-20 03:33:23,774 INFO  HikariDataSource [HikariDataSource.java:122] HikariPool-1 - Start completed.
2024-12-20 03:33:23,850 INFO  LogHelper [LogHelper.java:31] HHH000204: Processing PersistenceUnitInfo [name: default]
2024-12-20 03:33:23,914 INFO  Version [Version.java:44] HHH000412: Hibernate ORM core version 6.6.2.Final
2024-12-20 03:33:23,959 INFO  RegionFactoryInitiator [RegionFactoryInitiator.java:50] HHH000026: Second-level cache disabled
2024-12-20 03:33:24,334 INFO  SpringPersistenceUnitInfo [SpringPersistenceUnitInfo.java:87] No LoadTimeWeaver setup: ignoring JPA class transformer
2024-12-20 03:33:24,417 WARN  deprecation [DialectFactoryImpl.java:153] HHH90000025: PostgreSQLDialect does not need to be specified explicitly using 'hibernate.dialect' (remove the property setting and it will be selected by default)
2024-12-20 03:33:24,443 INFO  pooling [JdbcEnvironmentInitiator.java:157] HHH10001005: Database info:
	Database JDBC URL [Connecting through datasource 'HikariDataSource (HikariPool-1)']
	Database driver: undefined/unknown
	Database version: 17.2
	Autocommit mode: undefined/unknown
	Isolation level: undefined/unknown
	Minimum pool size: undefined/unknown
	Maximum pool size: undefined/unknown
2024-12-20 03:33:25,408 INFO  JtaPlatformInitiator [JtaPlatformInitiator.java:59] HHH000489: No JTA platform available (set 'hibernate.transaction.jta.platform' to enable JTA platform integration)
2024-12-20 03:33:25,643 INFO  LocalContainerEntityManagerFactoryBean [AbstractEntityManagerFactoryBean.java:447] Initialized JPA EntityManagerFactory for persistence unit 'default'
2024-12-20 03:33:26,057 WARN  JpaBaseConfiguration$JpaWebConfiguration [JpaBaseConfiguration.java:241] spring.jpa.open-in-view is enabled by default. Therefore, database queries may be performed during view rendering. Explicitly configure spring.jpa.open-in-view to disable this warning
2024-12-20 03:33:26,344 WARN  ThymeleafAutoConfiguration$DefaultTemplateResolverConfiguration [ThymeleafAutoConfiguration.java:101] Cannot find template location: classpath:/templates/ (please add some templates, check your Thymeleaf configuration, or set spring.thymeleaf.check-template-location=false)
2024-12-20 03:33:26,478 INFO  Http11NioProtocol [DirectJDKLog.java:173] Starting ProtocolHandler ["http-nio-9091"]
2024-12-20 03:33:26,496 INFO  TomcatWebServer [TomcatWebServer.java:243] Tomcat started on port 9091 (http) with context path '/'
2024-12-20 03:33:26,504 INFO  SoapServerApplication [StartupInfoLogger.java:59] Started SoapServerApplication in 5.4 seconds (process running for 6.148)
2024-12-20 03:35:45,364 INFO  [/] [DirectJDKLog.java:173] Initializing Spring MessageDispatcherServlet 'messageDispatcherServlet'
2024-12-20 03:35:45,364 INFO  MessageDispatcherServlet [FrameworkServlet.java:532] Initializing Servlet 'messageDispatcherServlet'
2024-12-20 03:35:45,370 INFO  SaajSoapMessageFactory [SaajSoapMessageFactory.java:137] Creating SAAJ 1.3 MessageFactory with SOAP 1.1 Protocol
2024-12-20 03:35:45,389 INFO  MessageDispatcherServlet [FrameworkServlet.java:554] Completed initialization in 25 ms
2024-12-20 03:41:38,946 INFO  GracefulShutdown [GracefulShutdown.java:54] Commencing graceful shutdown. Waiting for active requests to complete
2024-12-20 03:41:38,964 INFO  GracefulShutdown [GracefulShutdown.java:76] Graceful shutdown complete
2024-12-20 03:41:38,970 INFO  LocalContainerEntityManagerFactoryBean [AbstractEntityManagerFactoryBean.java:660] Closing JPA EntityManagerFactory for persistence unit 'default'
2024-12-20 03:41:38,975 INFO  HikariDataSource [HikariDataSource.java:349] HikariPool-1 - Shutdown initiated...
2024-12-20 03:41:38,981 INFO  HikariDataSource [HikariDataSource.java:351] HikariPool-1 - Shutdown completed.
2024-12-20 03:48:42,326 INFO  SoapServerApplication [StartupInfoLogger.java:53] Starting SoapServerApplication using Java 23 with PID 1176 (C:\Users\User\IdeaProjects\MedBookingApp\SOAP-Server\target\classes started by User in C:\Users\User\IdeaProjects\MedBookingApp\SOAP-Server)
2024-12-20 03:48:42,328 DEBUG SoapServerApplication [StartupInfoLogger.java:54] Running with Spring Boot v3.4.0, Spring v6.2.0
2024-12-20 03:48:42,329 INFO  SoapServerApplication [SpringApplication.java:652] No active profile set, falling back to 1 default profile: "default"
2024-12-20 03:48:43,192 INFO  RepositoryConfigurationDelegate [RepositoryConfigurationDelegate.java:143] Bootstrapping Spring Data JPA repositories in DEFAULT mode.
2024-12-20 03:48:43,265 INFO  RepositoryConfigurationDelegate [RepositoryConfigurationDelegate.java:211] Finished Spring Data repository scanning in 62 ms. Found 2 JPA repository interfaces.
2024-12-20 03:48:43,586 WARN  PostProcessorRegistrationDelegate$BeanPostProcessorChecker [PostProcessorRegistrationDelegate.java:437] Bean 'webServiceConfiguration' of type [com.project.soap.config.WebServiceConfiguration$$SpringCGLIB$$0] is not eligible for getting processed by all BeanPostProcessors (for example: not eligible for auto-proxying). Is this bean getting eagerly injected/applied to a currently created BeanPostProcessor [annotationActionEndpointMapping]? Check the corresponding BeanPostProcessor declaration and its dependencies/advisors. If this bean does not have to be post-processed, declare it with ROLE_INFRASTRUCTURE.
2024-12-20 03:48:43,587 WARN  PostProcessorRegistrationDelegate$BeanPostProcessorChecker [PostProcessorRegistrationDelegate.java:429] Bean 'org.springframework.ws.config.annotation.DelegatingWsConfiguration' of type [org.springframework.ws.config.annotation.DelegatingWsConfiguration$$SpringCGLIB$$0] is not eligible for getting processed by all BeanPostProcessors (for example: not eligible for auto-proxying). The currently created BeanPostProcessor [annotationActionEndpointMapping] is declared through a non-static factory method on that class; consider declaring it as static instead.
2024-12-20 03:48:43,608 INFO  AnnotationActionEndpointMapping [AbstractAddressingEndpointMapping.java:239] Supporting [WS-Addressing August 2004, WS-Addressing 1.0]
2024-12-20 03:48:43,984 INFO  TomcatWebServer [TomcatWebServer.java:111] Tomcat initialized with port 9091 (http)
2024-12-20 03:48:43,998 INFO  Http11NioProtocol [DirectJDKLog.java:173] Initializing ProtocolHandler ["http-nio-9091"]
2024-12-20 03:48:44,000 INFO  StandardService [DirectJDKLog.java:173] Starting service [Tomcat]
2024-12-20 03:48:44,000 INFO  StandardEngine [DirectJDKLog.java:173] Starting Servlet engine: [Apache Tomcat/10.1.33]
2024-12-20 03:48:44,071 INFO  [/] [DirectJDKLog.java:173] Initializing Spring embedded WebApplicationContext
2024-12-20 03:48:44,072 INFO  ServletWebServerApplicationContext [ServletWebServerApplicationContext.java:296] Root WebApplicationContext: initialization completed in 1661 ms
2024-12-20 03:48:44,205 INFO  HikariDataSource [HikariDataSource.java:109] HikariPool-1 - Starting...
2024-12-20 03:48:44,485 INFO  HikariPool [HikariPool.java:554] HikariPool-1 - Added connection org.postgresql.jdbc.PgConnection@68a305eb
2024-12-20 03:48:44,488 INFO  HikariDataSource [HikariDataSource.java:122] HikariPool-1 - Start completed.
2024-12-20 03:48:44,564 INFO  LogHelper [LogHelper.java:31] HHH000204: Processing PersistenceUnitInfo [name: default]
2024-12-20 03:48:44,610 INFO  Version [Version.java:44] HHH000412: Hibernate ORM core version 6.6.2.Final
2024-12-20 03:48:44,650 INFO  RegionFactoryInitiator [RegionFactoryInitiator.java:50] HHH000026: Second-level cache disabled
2024-12-20 03:48:44,999 INFO  SpringPersistenceUnitInfo [SpringPersistenceUnitInfo.java:87] No LoadTimeWeaver setup: ignoring JPA class transformer
2024-12-20 03:48:45,077 WARN  deprecation [DialectFactoryImpl.java:153] HHH90000025: PostgreSQLDialect does not need to be specified explicitly using 'hibernate.dialect' (remove the property setting and it will be selected by default)
2024-12-20 03:48:45,095 INFO  pooling [JdbcEnvironmentInitiator.java:157] HHH10001005: Database info:
	Database JDBC URL [Connecting through datasource 'HikariDataSource (HikariPool-1)']
	Database driver: undefined/unknown
	Database version: 17.2
	Autocommit mode: undefined/unknown
	Isolation level: undefined/unknown
	Minimum pool size: undefined/unknown
	Maximum pool size: undefined/unknown
2024-12-20 03:48:46,005 INFO  JtaPlatformInitiator [JtaPlatformInitiator.java:59] HHH000489: No JTA platform available (set 'hibernate.transaction.jta.platform' to enable JTA platform integration)
2024-12-20 03:48:46,147 INFO  LocalContainerEntityManagerFactoryBean [AbstractEntityManagerFactoryBean.java:447] Initialized JPA EntityManagerFactory for persistence unit 'default'
2024-12-20 03:48:46,568 WARN  JpaBaseConfiguration$JpaWebConfiguration [JpaBaseConfiguration.java:241] spring.jpa.open-in-view is enabled by default. Therefore, database queries may be performed during view rendering. Explicitly configure spring.jpa.open-in-view to disable this warning
2024-12-20 03:48:46,882 WARN  ThymeleafAutoConfiguration$DefaultTemplateResolverConfiguration [ThymeleafAutoConfiguration.java:101] Cannot find template location: classpath:/templates/ (please add some templates, check your Thymeleaf configuration, or set spring.thymeleaf.check-template-location=false)
2024-12-20 03:48:47,018 INFO  Http11NioProtocol [DirectJDKLog.java:173] Starting ProtocolHandler ["http-nio-9091"]
2024-12-20 03:48:47,039 INFO  TomcatWebServer [TomcatWebServer.java:243] Tomcat started on port 9091 (http) with context path '/'
2024-12-20 03:48:47,049 INFO  SoapServerApplication [StartupInfoLogger.java:59] Started SoapServerApplication in 5.21 seconds (process running for 5.89)
2024-12-20 03:48:56,622 INFO  [/] [DirectJDKLog.java:173] Initializing Spring MessageDispatcherServlet 'messageDispatcherServlet'
2024-12-20 03:48:56,623 INFO  MessageDispatcherServlet [FrameworkServlet.java:532] Initializing Servlet 'messageDispatcherServlet'
2024-12-20 03:48:56,629 INFO  SaajSoapMessageFactory [SaajSoapMessageFactory.java:137] Creating SAAJ 1.3 MessageFactory with SOAP 1.1 Protocol
2024-12-20 03:48:56,644 INFO  MessageDispatcherServlet [FrameworkServlet.java:554] Completed initialization in 21 ms
2024-12-20 03:52:23,955 INFO  GracefulShutdown [GracefulShutdown.java:54] Commencing graceful shutdown. Waiting for active requests to complete
2024-12-20 03:52:23,973 INFO  GracefulShutdown [GracefulShutdown.java:76] Graceful shutdown complete
2024-12-20 03:52:23,980 INFO  LocalContainerEntityManagerFactoryBean [AbstractEntityManagerFactoryBean.java:660] Closing JPA EntityManagerFactory for persistence unit 'default'
2024-12-20 03:52:23,984 INFO  HikariDataSource [HikariDataSource.java:349] HikariPool-1 - Shutdown initiated...
2024-12-20 03:52:23,990 INFO  HikariDataSource [HikariDataSource.java:351] HikariPool-1 - Shutdown completed.
2024-12-20 03:57:28,409 INFO  SoapServerApplication [StartupInfoLogger.java:53] Starting SoapServerApplication using Java 23 with PID 6992 (C:\Users\User\IdeaProjects\MedBookingApp\SOAP-Server\target\classes started by User in C:\Users\User\IdeaProjects\MedBookingApp\SOAP-Server)
2024-12-20 03:57:28,412 DEBUG SoapServerApplication [StartupInfoLogger.java:54] Running with Spring Boot v3.4.0, Spring v6.2.0
2024-12-20 03:57:28,414 INFO  SoapServerApplication [SpringApplication.java:652] No active profile set, falling back to 1 default profile: "default"
2024-12-20 03:57:29,315 INFO  RepositoryConfigurationDelegate [RepositoryConfigurationDelegate.java:143] Bootstrapping Spring Data JPA repositories in DEFAULT mode.
2024-12-20 03:57:29,395 INFO  RepositoryConfigurationDelegate [RepositoryConfigurationDelegate.java:211] Finished Spring Data repository scanning in 67 ms. Found 2 JPA repository interfaces.
2024-12-20 03:57:29,757 WARN  PostProcessorRegistrationDelegate$BeanPostProcessorChecker [PostProcessorRegistrationDelegate.java:437] Bean 'webServiceConfiguration' of type [com.project.soap.config.WebServiceConfiguration$$SpringCGLIB$$0] is not eligible for getting processed by all BeanPostProcessors (for example: not eligible for auto-proxying). Is this bean getting eagerly injected/applied to a currently created BeanPostProcessor [annotationActionEndpointMapping]? Check the corresponding BeanPostProcessor declaration and its dependencies/advisors. If this bean does not have to be post-processed, declare it with ROLE_INFRASTRUCTURE.
2024-12-20 03:57:29,758 WARN  PostProcessorRegistrationDelegate$BeanPostProcessorChecker [PostProcessorRegistrationDelegate.java:429] Bean 'org.springframework.ws.config.annotation.DelegatingWsConfiguration' of type [org.springframework.ws.config.annotation.DelegatingWsConfiguration$$SpringCGLIB$$0] is not eligible for getting processed by all BeanPostProcessors (for example: not eligible for auto-proxying). The currently created BeanPostProcessor [annotationActionEndpointMapping] is declared through a non-static factory method on that class; consider declaring it as static instead.
2024-12-20 03:57:29,780 INFO  AnnotationActionEndpointMapping [AbstractAddressingEndpointMapping.java:239] Supporting [WS-Addressing August 2004, WS-Addressing 1.0]
2024-12-20 03:57:30,170 INFO  TomcatWebServer [TomcatWebServer.java:111] Tomcat initialized with port 9091 (http)
2024-12-20 03:57:30,183 INFO  Http11NioProtocol [DirectJDKLog.java:173] Initializing ProtocolHandler ["http-nio-9091"]
2024-12-20 03:57:30,185 INFO  StandardService [DirectJDKLog.java:173] Starting service [Tomcat]
2024-12-20 03:57:30,185 INFO  StandardEngine [DirectJDKLog.java:173] Starting Servlet engine: [Apache Tomcat/10.1.33]
2024-12-20 03:57:30,249 INFO  [/] [DirectJDKLog.java:173] Initializing Spring embedded WebApplicationContext
2024-12-20 03:57:30,249 INFO  ServletWebServerApplicationContext [ServletWebServerApplicationContext.java:296] Root WebApplicationContext: initialization completed in 1754 ms
2024-12-20 03:57:30,382 INFO  HikariDataSource [HikariDataSource.java:109] HikariPool-1 - Starting...
2024-12-20 03:57:30,631 INFO  HikariPool [HikariPool.java:554] HikariPool-1 - Added connection org.postgresql.jdbc.PgConnection@5e50df2e
2024-12-20 03:57:30,634 INFO  HikariDataSource [HikariDataSource.java:122] HikariPool-1 - Start completed.
2024-12-20 03:57:30,753 INFO  LogHelper [LogHelper.java:31] HHH000204: Processing PersistenceUnitInfo [name: default]
2024-12-20 03:57:30,833 INFO  Version [Version.java:44] HHH000412: Hibernate ORM core version 6.6.2.Final
2024-12-20 03:57:30,893 INFO  RegionFactoryInitiator [RegionFactoryInitiator.java:50] HHH000026: Second-level cache disabled
2024-12-20 03:57:31,244 INFO  SpringPersistenceUnitInfo [SpringPersistenceUnitInfo.java:87] No LoadTimeWeaver setup: ignoring JPA class transformer
2024-12-20 03:57:31,327 WARN  deprecation [DialectFactoryImpl.java:153] HHH90000025: PostgreSQLDialect does not need to be specified explicitly using 'hibernate.dialect' (remove the property setting and it will be selected by default)
2024-12-20 03:57:31,349 INFO  pooling [JdbcEnvironmentInitiator.java:157] HHH10001005: Database info:
	Database JDBC URL [Connecting through datasource 'HikariDataSource (HikariPool-1)']
	Database driver: undefined/unknown
	Database version: 17.2
	Autocommit mode: undefined/unknown
	Isolation level: undefined/unknown
	Minimum pool size: undefined/unknown
	Maximum pool size: undefined/unknown
2024-12-20 03:57:32,220 INFO  JtaPlatformInitiator [JtaPlatformInitiator.java:59] HHH000489: No JTA platform available (set 'hibernate.transaction.jta.platform' to enable JTA platform integration)
2024-12-20 03:57:32,320 INFO  LocalContainerEntityManagerFactoryBean [AbstractEntityManagerFactoryBean.java:447] Initialized JPA EntityManagerFactory for persistence unit 'default'
2024-12-20 03:57:32,718 WARN  JpaBaseConfiguration$JpaWebConfiguration [JpaBaseConfiguration.java:241] spring.jpa.open-in-view is enabled by default. Therefore, database queries may be performed during view rendering. Explicitly configure spring.jpa.open-in-view to disable this warning
2024-12-20 03:57:33,000 WARN  ThymeleafAutoConfiguration$DefaultTemplateResolverConfiguration [ThymeleafAutoConfiguration.java:101] Cannot find template location: classpath:/templates/ (please add some templates, check your Thymeleaf configuration, or set spring.thymeleaf.check-template-location=false)
2024-12-20 03:57:33,141 INFO  Http11NioProtocol [DirectJDKLog.java:173] Starting ProtocolHandler ["http-nio-9091"]
2024-12-20 03:57:33,166 INFO  TomcatWebServer [TomcatWebServer.java:243] Tomcat started on port 9091 (http) with context path '/'
2024-12-20 03:57:33,176 INFO  SoapServerApplication [StartupInfoLogger.java:59] Started SoapServerApplication in 5.284 seconds (process running for 5.996)
2024-12-20 03:57:37,007 INFO  [/] [DirectJDKLog.java:173] Initializing Spring MessageDispatcherServlet 'messageDispatcherServlet'
2024-12-20 03:57:37,007 INFO  MessageDispatcherServlet [FrameworkServlet.java:532] Initializing Servlet 'messageDispatcherServlet'
2024-12-20 03:57:37,012 INFO  SaajSoapMessageFactory [SaajSoapMessageFactory.java:137] Creating SAAJ 1.3 MessageFactory with SOAP 1.1 Protocol
2024-12-20 03:57:37,024 INFO  MessageDispatcherServlet [FrameworkServlet.java:554] Completed initialization in 17 ms
2024-12-20 03:57:58,121 INFO  GracefulShutdown [GracefulShutdown.java:54] Commencing graceful shutdown. Waiting for active requests to complete
2024-12-20 03:57:58,138 INFO  GracefulShutdown [GracefulShutdown.java:76] Graceful shutdown complete
2024-12-20 03:57:58,144 INFO  LocalContainerEntityManagerFactoryBean [AbstractEntityManagerFactoryBean.java:660] Closing JPA EntityManagerFactory for persistence unit 'default'
2024-12-20 03:57:58,148 INFO  HikariDataSource [HikariDataSource.java:349] HikariPool-1 - Shutdown initiated...
2024-12-20 03:57:58,157 INFO  HikariDataSource [HikariDataSource.java:351] HikariPool-1 - Shutdown completed.
